#
# There is insufficient memory for the Java Runtime Environment to continue.
# Native memory allocation (malloc) failed to allocate 1048576 bytes for AllocateHeap
# Possible reasons:
#   The system is out of physical RAM or swap space
#   In 32 bit mode, the process size limit was hit
# Possible solutions:
#   Reduce memory load on the system
#   Increase physical memory or swap space
#   Check if swap backing store is full
#   Use 64 bit Java on a 64 bit OS
#   Decrease Java heap size (-Xmx/-Xms)
#   Decrease number of Java threads
#   Decrease Java thread stack sizes (-Xss)
#   Set larger code cache with -XX:ReservedCodeCacheSize=
# This output file may be truncated or incomplete.
#
#  Out of Memory Error (memory/allocation.inline.hpp:61), pid=13380, tid=0x00000000000030ec
#
# JRE version:  (8.0_171-b11) (build )
# Java VM: Java HotSpot(TM) 64-Bit Server VM (25.171-b11 mixed mode windows-amd64 compressed oops)
# Failed to write core dump. Minidumps are not enabled by default on client versions of Windows
#

---------------  T H R E A D  ---------------

Current thread (0x0000000003222800):  JavaThread "Unknown thread" [_thread_in_vm, id=12524, stack(0x0000000003030000,0x0000000003130000)]

Stack: [0x0000000003030000,0x0000000003130000]
[error occurred during error reporting (printing stack bounds), id 0xc0000005]

Native frames: (J=compiled Java code, j=interpreted, Vv=VM code, C=native code)


---------------  P R O C E S S  ---------------

Java Threads: ( => current thread )

Other Threads:

=>0x0000000003222800 (exited) JavaThread "Unknown thread" [_thread_in_vm, id=12524, stack(0x0000000003030000,0x0000000003130000)]

VM state:not at safepoint (normal execution)

VM Mutex/Monitor currently owned by a thread: None

Heap:
 PSYoungGen      total 38400K, used 665K [0x00000000d5f80000, 0x00000000d8a00000, 0x0000000100000000)
  eden space 33280K, 2% used [0x00000000d5f80000,0x00000000d6026670,0x00000000d8000000)
  from space 5120K, 0% used [0x00000000d8500000,0x00000000d8500000,0x00000000d8a00000)
  to   space 5120K, 0% used [0x00000000d8000000,0x00000000d8000000,0x00000000d8500000)
 ParOldGen       total 87552K, used 0K [0x0000000081e00000, 0x0000000087380000, 0x00000000d5f80000)
  object space 87552K, 0% used [0x0000000081e00000,0x0000000081e00000,0x0000000087380000)
 Metaspace       used 785K, capacity 4480K, committed 4480K, reserved 1056768K
  class space    used 76K, capacity 384K, committed 384K, reserved 1048576K

Card table byte_map: [0x00000000126e0000,0x0000000012ae0000] byte_map_base: 0x00000000122d1000

Marking Bits: (ParMarkBitMap*) 0x00000000694308c0
 Begin Bits: [0x0000000013590000, 0x0000000015518000)
 End Bits:   [0x0000000015518000, 0x00000000174a0000)

Polling page: 0x00000000013c0000

CodeCache: size=245760Kb used=328Kb max_used=328Kb free=245431Kb
 bounds [0x0000000003320000, 0x0000000003590000, 0x0000000012320000]
 total_blobs=58 nmethods=0 adapters=38
 compilation: enabled

Compilation events (0 events):
No events

GC Heap History (0 events):
No events

Deoptimization events (0 events):
No events

Classes redefined (0 events):
No events

Internal exceptions (0 events):
No events

Events (10 events):
Event: 0.066 loading class java/lang/Short
Event: 0.066 loading class java/lang/Short done
Event: 0.066 loading class java/lang/Integer
Event: 0.066 loading class java/lang/Integer done
Event: 0.066 loading class java/lang/Long
Event: 0.066 loading class java/lang/Long done
Event: 0.067 loading class java/lang/NullPointerException
Event: 0.067 loading class java/lang/NullPointerException done
Event: 0.067 loading class java/lang/ArithmeticException
Event: 0.067 loading class java/lang/ArithmeticException done


Dynamic libraries:
0x00007ff68a9c0000 - 0x00007ff68a9f7000 	C:\Program Files\Java\jdk1.8.0_171\bin\java.exe
0x00007ff8f26e0000 - 0x00007ff8f28cd000 	C:\WINDOWS\SYSTEM32\ntdll.dll
0x00007ff8efc10000 - 0x00007ff8efcc3000 	C:\WINDOWS\System32\KERNEL32.DLL
0x00007ff8ee830000 - 0x00007ff8eeac3000 	C:\WINDOWS\System32\KERNELBASE.dll
0x00007ff8ef910000 - 0x00007ff8ef9b3000 	C:\WINDOWS\System32\ADVAPI32.dll
0x00007ff8efcd0000 - 0x00007ff8efd6e000 	C:\WINDOWS\System32\msvcrt.dll
0x00007ff8efe20000 - 0x00007ff8efebe000 	C:\WINDOWS\System32\sechost.dll
0x00007ff8f03b0000 - 0x00007ff8f04d2000 	C:\WINDOWS\System32\RPCRT4.dll
0x00007ff8f0980000 - 0x00007ff8f0b17000 	C:\WINDOWS\System32\USER32.dll
0x00007ff8eede0000 - 0x00007ff8eee00000 	C:\WINDOWS\System32\win32u.dll
0x00007ff8efbe0000 - 0x00007ff8efc09000 	C:\WINDOWS\System32\GDI32.dll
0x00007ff8ef550000 - 0x00007ff8ef6ea000 	C:\WINDOWS\System32\gdi32full.dll
0x00007ff8ef870000 - 0x00007ff8ef910000 	C:\WINDOWS\System32\msvcp_win.dll
0x00007ff8ef6f0000 - 0x00007ff8ef7ea000 	C:\WINDOWS\System32\ucrtbase.dll
0x00007ff8e0cd0000 - 0x00007ff8e0f49000 	C:\WINDOWS\WinSxS\amd64_microsoft.windows.common-controls_6595b64144ccf1df_6.0.17763.379_none_05b83be8071c94a1\COMCTL32.dll
0x00007ff8efec0000 - 0x00007ff8f01ed000 	C:\WINDOWS\System32\combase.dll
0x00007ff8ef7f0000 - 0x00007ff8ef86e000 	C:\WINDOWS\System32\bcryptPrimitives.dll
0x00007ff8efdf0000 - 0x00007ff8efe1e000 	C:\WINDOWS\System32\IMM32.DLL
0x00000000694b0000 - 0x0000000069582000 	C:\Program Files\Java\jdk1.8.0_171\jre\bin\msvcr100.dll
0x0000000068c10000 - 0x00000000694b0000 	C:\Program Files\Java\jdk1.8.0_171\jre\bin\server\jvm.dll
0x00007ff8f0b80000 - 0x00007ff8f0b88000 	C:\WINDOWS\System32\PSAPI.DLL
0x00007ff8e1bf0000 - 0x00007ff8e1bf9000 	C:\WINDOWS\SYSTEM32\WSOCK32.dll
0x00007ff8f0b90000 - 0x00007ff8f0bfd000 	C:\WINDOWS\System32\WS2_32.dll
0x00007ff8e12e0000 - 0x00007ff8e1304000 	C:\WINDOWS\SYSTEM32\WINMM.dll
0x00007ff8e12b0000 - 0x00007ff8e12dd000 	C:\WINDOWS\SYSTEM32\WINMMBASE.dll
0x00007ff8ed920000 - 0x00007ff8ed92a000 	C:\WINDOWS\SYSTEM32\VERSION.dll
0x00007ff8ee7e0000 - 0x00007ff8ee82a000 	C:\WINDOWS\System32\cfgmgr32.dll
0x0000000068c00000 - 0x0000000068c0f000 	C:\Program Files\Java\jdk1.8.0_171\jre\bin\verify.dll
0x0000000068bd0000 - 0x0000000068bf9000 	C:\Program Files\Java\jdk1.8.0_171\jre\bin\java.dll
0x0000000068af0000 - 0x0000000068b25000 	C:\Program Files\Java\jdk1.8.0_171\jre\bin\jdwp.dll
0x0000000068ae0000 - 0x0000000068ae8000 	C:\Program Files\Java\jdk1.8.0_171\jre\bin\npt.dll
0x0000000068bb0000 - 0x0000000068bc6000 	C:\Program Files\Java\jdk1.8.0_171\jre\bin\zip.dll

VM Arguments:
jvm_args: -Xdebug -Xnoagent -Djava.compiler=NONE -Xrunjdwp:transport=dt_socket,address=localhost:7400,server=n,suspend=y -Dfile.encoding=UTF-8 
java_command: snake.Window
java_class_path (initial): C:\Projects\School\Snake\bin
Launcher Type: SUN_STANDARD

Environment Variables:
JAVA_HOME=C:\Program Files\Java\jdk1.8.0_171
PATH=C:\Program Files (x86)\Common Files\Oracle\Java\javapath;C:\Windows\system32;C:\Windows;C:\Windows\System32\Wbem;C:\Windows\System32\WindowsPowerShell\v1.0\;C:\Program Files (x86)\NVIDIA Corporation\PhysX\Common;C:\WINDOWS\system32;C:\WINDOWS;C:\WINDOWS\System32\Wbem;C:\WINDOWS\System32\WindowsPowerShell\v1.0\;C:\Program Files\Git\cmd;C:\Program Files\Git\mingw64\bin;C:\Program Files\Git\usr\bin;C:\WINDOWS\System32\OpenSSH\;C:\Users\dimat\AppData\Local\Android\Sdk\platform-tools;C:\Program Files (x86)\eSpeak\command_line;C:\Program Files\Microsoft VS Code\bin;C:\Program Files\Java\jdk1.8.0_181\bin;C:\Program Files\nodejs\;C:\Users\dimat\AppData\Local\Programs\Python\Python36-32\Scripts\;C:\Users\dimat\AppData\Local\Programs\Python\Python36-32\;C:\Users\dimat\AppData\Local\Microsoft\WindowsApps;;C:\Program Files\Microsoft VS Code\bin;C:\Program Files (x86)\Nmap;C:\Users\dimat\AppData\Roaming\npm;C:\Users\dimat\AppData\Local\Programs\Fiddler
USERNAME=dimat
OS=Windows_NT
PROCESSOR_IDENTIFIER=Intel64 Family 6 Model 142 Stepping 10, GenuineIntel



---------------  S Y S T E M  ---------------

OS: Windows 10.0 , 64 bit Build 17763 (10.0.17763.379)

CPU:total 8 (initial active 8) (4 cores per cpu, 2 threads per core) family 6 model 142 stepping 10, cmov, cx8, fxsr, mmx, sse, sse2, sse3, ssse3, sse4.1, sse4.2, popcnt, avx, avx2, aes, clmul, erms, 3dnowpref, lzcnt, ht, tsc, tscinvbit, bmi1, bmi2, adx

Memory: 4k page, physical 8263052k(827604k free), swap 10823052k(80160k free)

vm_info: Java HotSpot(TM) 64-Bit Server VM (25.171-b11) for windows-amd64 JRE (1.8.0_171-b11), built on Mar 28 2018 16:06:12 by "java_re" with MS VC++ 10.0 (VS2010)

time: Mon Apr 01 08:46:33 2019
elapsed time: 0 seconds (0d 0h 0m 0s)

